c:\development\game engine project\game engine project\game server\debug\vc142.pdb
c:\development\game engine project\game engine project\game server\debug\vc142.idb
c:\development\game engine project\game engine project\game server\debug\untexturedmovingplatform.obj
c:\development\game engine project\game engine project\game server\debug\timeline.obj
c:\development\game engine project\game engine project\game server\debug\rendersprite.obj
c:\development\game engine project\game engine project\game server\debug\renderrect.obj
c:\development\game engine project\game engine project\game server\debug\renderobject.obj
c:\development\game engine project\game engine project\game server\debug\movingcollision.obj
c:\development\game engine project\game engine project\game server\debug\moveevent.obj
c:\development\game engine project\game engine project\game server\debug\mobile.obj
c:\development\game engine project\game engine project\game server\debug\gameobject.obj
c:\development\game engine project\game engine project\game server\debug\eventhandler.obj
c:\development\game engine project\game engine project\game server\debug\event.obj
c:\development\game engine project\game engine project\game server\debug\disconnectevent.obj
c:\development\game engine project\game engine project\game server\debug\connectevent.obj
c:\development\game engine project\game engine project\game server\debug\agentmoveevent.obj
c:\development\game engine project\game engine project\game server\debug\agentmove.obj
c:\development\game engine project\game engine project\game server\debug\platformmove.obj
c:\development\game engine project\game engine project\game server\debug\eventmanager.obj
c:\development\game engine project\game engine project\game server\debug\serverdisconnecthandler.obj
c:\development\game engine project\game engine project\game server\debug\serverconnecthandler.obj
c:\development\game engine project\game engine project\game server\debug\movehandler.obj
c:\development\game engine project\game engine project\game server\debug\main.obj
c:\development\game engine project\game engine project\game server\debug\spawnevent.obj
c:\development\game engine project\game engine project\debug\game server.exe
c:\development\game engine project\game engine project\game server\debug\game server.ilk
c:\development\game engine project\game engine project\debug\game server.pdb
c:\development\game engine project\game engine project\game server\debug\game server.tlog\cl.command.1.tlog
c:\development\game engine project\game engine project\game server\debug\game server.tlog\cl.read.1.tlog
c:\development\game engine project\game engine project\game server\debug\game server.tlog\cl.write.1.tlog
c:\development\game engine project\game engine project\game server\debug\game server.tlog\link.command.1.tlog
c:\development\game engine project\game engine project\game server\debug\game server.tlog\link.read.1.tlog
c:\development\game engine project\game engine project\game server\debug\game server.tlog\link.write.1.tlog
