c:\development\game engine project\game engine project\game engine project\debug\vc142.pdb
c:\development\game engine project\game engine project\game engine project\debug\vc142.idb
c:\development\game engine project\game engine project\game engine project\debug\gameobject.obj
c:\development\game engine project\game engine project\game engine project\debug\eventhandler.obj
c:\development\game engine project\game engine project\game engine project\debug\event.obj
c:\development\game engine project\game engine project\game engine project\debug\disconnectevent.obj
c:\development\game engine project\game engine project\game engine project\debug\deathzone.obj
c:\development\game engine project\game engine project\game engine project\debug\deathevent.obj
c:\development\game engine project\game engine project\game engine project\debug\connectevent.obj
c:\development\game engine project\game engine project\game engine project\debug\collisionevent.obj
c:\development\game engine project\game engine project\game engine project\debug\collision.obj
c:\development\game engine project\game engine project\game engine project\debug\agentmoveevent.obj
c:\development\game engine project\game engine project\game engine project\debug\scrollevent.obj
c:\development\game engine project\game engine project\game engine project\debug\repositionevent.obj
c:\development\game engine project\game engine project\game engine project\debug\replayviewer.obj
c:\development\game engine project\game engine project\game engine project\debug\rendersprite.obj
c:\development\game engine project\game engine project\game engine project\debug\renderrect.obj
c:\development\game engine project\game engine project\game engine project\debug\renderobject.obj
c:\development\game engine project\game engine project\game engine project\debug\othercharacter.obj
c:\development\game engine project\game engine project\game engine project\debug\movingcollision.obj
c:\development\game engine project\game engine project\game engine project\debug\moveevent.obj
c:\development\game engine project\game engine project\game engine project\debug\move.obj
c:\development\game engine project\game engine project\game engine project\debug\mobile.obj
c:\development\game engine project\game engine project\game engine project\debug\inputevent.obj
c:\development\game engine project\game engine project\game engine project\debug\hiddenobject.obj
c:\development\game engine project\game engine project\game engine project\debug\untexturedplatform.obj
c:\development\game engine project\game engine project\game engine project\debug\untexturedplatformproxy.obj
c:\development\game engine project\game engine project\game engine project\debug\untexturedmovingplatform.obj
c:\development\game engine project\game engine project\game engine project\debug\timeline.obj
c:\development\game engine project\game engine project\game engine project\debug\spawnpoint.obj
c:\development\game engine project\game engine project\game engine project\debug\spawnevent.obj
c:\development\game engine project\game engine project\game engine project\debug\spawncollision.obj
c:\development\game engine project\game engine project\game engine project\debug\sideboundary.obj
c:\development\game engine project\game engine project\game engine project\debug\main.obj
c:\development\game engine project\game engine project\game engine project\debug\agentmove.obj
c:\development\game engine project\game engine project\game engine project\debug\eventmanager.obj
c:\development\game engine project\game engine project\game engine project\debug\deathcollision.obj
c:\development\game engine project\game engine project\game engine project\debug\character.obj
c:\development\game engine project\game engine project\game engine project\debug\boundarycollision.obj
c:\development\game engine project\game engine project\game engine project\debug\platformmove.obj
c:\development\game engine project\game engine project\game engine project\debug\platformcollision.obj
c:\development\game engine project\game engine project\game engine project\debug\spawnhandler.obj
c:\development\game engine project\game engine project\game engine project\debug\scrollhandler.obj
c:\development\game engine project\game engine project\game engine project\debug\repositionhandler.obj
c:\development\game engine project\game engine project\game engine project\debug\movehandler.obj
c:\development\game engine project\game engine project\game engine project\debug\inputhandler.obj
c:\development\game engine project\game engine project\game engine project\debug\disconnecthandler.obj
c:\development\game engine project\game engine project\game engine project\debug\deathhandler.obj
c:\development\game engine project\game engine project\game engine project\debug\connecthandler.obj
c:\development\game engine project\game engine project\game engine project\debug\collisionhandler.obj
c:\development\game engine project\game engine project\game engine project\debug\agentmovehandler.obj
c:\development\game engine project\game engine project\game engine project\debug\recordstophandler.obj
c:\development\game engine project\game engine project\game engine project\debug\recordstopevent.obj
c:\development\game engine project\game engine project\game engine project\debug\recordstarthandler.obj
c:\development\game engine project\game engine project\game engine project\debug\recordstartevent.obj
c:\development\game engine project\game engine project\game engine project\debug\drawhandler.obj
c:\development\game engine project\game engine project\game engine project\debug\drawevent.obj
c:\development\game engine project\game engine project\game engine project\debug\duktape.obj
c:\development\game engine project\game engine project\game engine project\debug\scriptmanager.obj
c:\development\game engine project\game engine project\game engine project\debug\martian.obj
c:\development\game engine project\game engine project\debug\game engine project.exe
c:\development\game engine project\game engine project\game engine project\debug\game engine project.ilk
c:\development\game engine project\game engine project\debug\game engine project.pdb
c:\development\game engine project\game engine project\game engine project\debug\game eng.fd8b5a45.tlog\cl.command.1.tlog
c:\development\game engine project\game engine project\game engine project\debug\game eng.fd8b5a45.tlog\cl.read.1.tlog
c:\development\game engine project\game engine project\game engine project\debug\game eng.fd8b5a45.tlog\cl.write.1.tlog
c:\development\game engine project\game engine project\game engine project\debug\game eng.fd8b5a45.tlog\link.command.1.tlog
c:\development\game engine project\game engine project\game engine project\debug\game eng.fd8b5a45.tlog\link.read.1.tlog
c:\development\game engine project\game engine project\game engine project\debug\game eng.fd8b5a45.tlog\link.write.1.tlog
